<?xml version="1.0" encoding="UTF-8"?>
<!-- Generated by org.testng.reporters.JUnitReportReporter -->
<testsuite skipped="0" hostname="Mehru" name="com.testNG.testcase.Actionspgm" tests="1" failures="0" timestamp="16 Feb 2023 12:32:53 GMT" time="3.424" errors="0">
  <testcase name="f" time="3.424" classname="com.testNG.testcase.Actionspgm"/>
</testsuite> <!-- com.testNG.testcase.Actionspgm -->
