<?xml version="1.0" encoding="UTF-8"?>
<!-- Generated by org.testng.reporters.JUnitReportReporter -->
<testsuite skipped="0" hostname="Mehru" name="com.pageElements.RadioButton" tests="1" failures="0" timestamp="16 Feb 2023 12:34:17 GMT" time="11.097" errors="0">
  <testcase name="Test_001" time="11.097" classname="com.pageElements.RadioButton"/>
</testsuite> <!-- com.pageElements.RadioButton -->
